<?xml version="1.0" encoding="UTF-8"?>
<!-- Generated by org.testng.reporters.JUnitReportReporter -->
<testsuite hostname="DESKTOP-BJ802FB" failures="0" tests="1" name="AmazonTestPage.MainPage" time="10.855" errors="0" timestamp="2023-02-15T17:15:11 IST" skipped="0">
  <testcase classname="AmazonTestPage.MainPage" name="AmazonRealTime" time="10.855"/>
  <system-out/>
</testsuite> <!-- AmazonTestPage.MainPage -->
