<?xml version="1.0" encoding="UTF-8"?>
<!-- Generated by org.testng.reporters.JUnitReportReporter -->
<testsuite hostname="DESKTOP-BJ802FB" failures="0" tests="1" name="AmazonTestPage.MainPage" time="5.591" errors="0" timestamp="2023-01-17T17:15:39 IST" skipped="0">
  <testcase classname="AmazonTestPage.MainPage" name="AmazonRealTime" time="5.591"/>
  <system-out/>
</testsuite> <!-- AmazonTestPage.MainPage -->
