<?xml version="1.0" encoding="UTF-8"?>
<!-- Generated by org.testng.reporters.JUnitReportReporter -->
<testsuite hostname="DESKTOP-IJA1JGU" failures="0" tests="1" name="AmazonTestPage.MainPage" time="5.611" errors="0" timestamp="2023-01-08T13:23:41 IST" skipped="0">
  <testcase classname="AmazonTestPage.MainPage" name="AmazonRealTime" time="5.611"/>
  <system-out/>
</testsuite> <!-- AmazonTestPage.MainPage -->
