<?xml version="1.0" encoding="UTF-8"?>
<!-- Generated by org.testng.reporters.JUnitReportReporter -->
<testsuite hostname="DESKTOP-BJ802FB" failures="0" tests="1" name="AmazonTestPage.MainPage" time="8.283" errors="0" timestamp="2023-01-16T11:34:00 IST" skipped="0">
  <testcase classname="AmazonTestPage.MainPage" name="AmazonRealTime" time="8.283"/>
  <system-out/>
</testsuite> <!-- AmazonTestPage.MainPage -->
